[11-04 16:20:59]: [INFO] Created column 'regdate' and set the current timestamp, 1699104059113, to all 0 rows
[11-04 16:20:59]: [INFO] SQLite Setup finished
[11-04 16:20:59]: [INFO] Hooked into LuckPerms!
[11-04 16:20:59]: [INFO] Hooked successfully into Essentials
[11-04 16:20:59]: [INFO] Essentials spawn file not found: 'D:\MinecraftProject\Server 1.20.2\plugins\Essentials\spawn.yml'
[11-04 16:20:59]: [WARN] WARNING! The protectInventory feature requires ProtocolLib! Disabling it...
[11-04 16:20:59]: [INFO] AuthMe 5.6.0-beta2 build n.2453 successfully enabled!
[11-04 16:21:01]: [INFO] Downloading GEO IP database, because the old database is older than 30 days or doesn't exist
[11-04 16:21:01]: [WARN] No MaxMind credentials found in the configuration file! GeoIp protections will be disabled.
[11-04 16:21:01]: [INFO] There is no newer GEO IP database uploaded to MaxMind. Using the old one for now.
[11-04 16:21:01]: [WARN] Could not download GeoLiteAPI database [FileNotFoundException]: plugins\AuthMe\GeoLite2-Country.mmdb (Не удается найти указанный файл)
[11-04 16:21:01]: java.io.FileNotFoundException: plugins\AuthMe\GeoLite2-Country.mmdb (Не удается найти указанный файл)
	at java.base/java.io.RandomAccessFile.open0(Native Method)
	at java.base/java.io.RandomAccessFile.open(RandomAccessFile.java:344)
	at java.base/java.io.RandomAccessFile.<init>(RandomAccessFile.java:259)
	at java.base/java.io.RandomAccessFile.<init>(RandomAccessFile.java:213)
	at AuthMe-5.6.0-beta2.jar//fr.xephi.authme.libs.com.maxmind.db.BufferHolder.<init>(BufferHolder.java:20)
	at AuthMe-5.6.0-beta2.jar//fr.xephi.authme.libs.com.maxmind.db.Reader.<init>(Reader.java:121)
	at AuthMe-5.6.0-beta2.jar//fr.xephi.authme.service.GeoIpService.startReading(GeoIpService.java:173)
	at AuthMe-5.6.0-beta2.jar//fr.xephi.authme.service.GeoIpService.updateDatabase(GeoIpService.java:144)
	at org.bukkit.craftbukkit.v1_20_R2.scheduler.CraftTask.run(CraftTask.java:101)
	at org.bukkit.craftbukkit.v1_20_R2.scheduler.CraftAsyncTask.run(CraftAsyncTask.java:57)
	at com.destroystokyo.paper.ServerSchedulerReportingWrapper.run(ServerSchedulerReportingWrapper.java:22)
	at java.base/java.util.concurrent.ThreadPoolExecutor.runWorker(ThreadPoolExecutor.java:1136)
	at java.base/java.util.concurrent.ThreadPoolExecutor$Worker.run(ThreadPoolExecutor.java:635)
	at java.base/java.lang.Thread.run(Thread.java:842)

[11-04 18:27:27]: [INFO] AuthMe 5.6.0-beta2-b2453 disabled!
[11-04 18:28:27]: [INFO] SQLite Setup finished
[11-04 18:28:27]: [INFO] Hooked into LuckPerms!
[11-04 18:28:27]: [INFO] Hooked successfully into Essentials
[11-04 18:28:27]: [INFO] Essentials spawn file not found: 'D:\MinecraftProject\Server 1.20.2\plugins\Essentials\spawn.yml'
[11-04 18:28:28]: [WARN] WARNING! The protectInventory feature requires ProtocolLib! Disabling it...
[11-04 18:28:28]: [INFO] AuthMe 5.6.0-beta2 build n.2453 successfully enabled!
[11-04 18:28:29]: [INFO] Downloading GEO IP database, because the old database is older than 30 days or doesn't exist
[11-04 18:28:29]: [WARN] No MaxMind credentials found in the configuration file! GeoIp protections will be disabled.
[11-04 18:28:29]: [INFO] There is no newer GEO IP database uploaded to MaxMind. Using the old one for now.
[11-04 18:28:29]: [WARN] Could not download GeoLiteAPI database [FileNotFoundException]: plugins\AuthMe\GeoLite2-Country.mmdb (Не удается найти указанный файл)
[11-04 18:28:29]: java.io.FileNotFoundException: plugins\AuthMe\GeoLite2-Country.mmdb (Не удается найти указанный файл)
	at java.base/java.io.RandomAccessFile.open0(Native Method)
	at java.base/java.io.RandomAccessFile.open(RandomAccessFile.java:344)
	at java.base/java.io.RandomAccessFile.<init>(RandomAccessFile.java:259)
	at java.base/java.io.RandomAccessFile.<init>(RandomAccessFile.java:213)
	at AuthMe-5.6.0-beta2.jar//fr.xephi.authme.libs.com.maxmind.db.BufferHolder.<init>(BufferHolder.java:20)
	at AuthMe-5.6.0-beta2.jar//fr.xephi.authme.libs.com.maxmind.db.Reader.<init>(Reader.java:121)
	at AuthMe-5.6.0-beta2.jar//fr.xephi.authme.service.GeoIpService.startReading(GeoIpService.java:173)
	at AuthMe-5.6.0-beta2.jar//fr.xephi.authme.service.GeoIpService.updateDatabase(GeoIpService.java:144)
	at org.bukkit.craftbukkit.v1_20_R2.scheduler.CraftTask.run(CraftTask.java:101)
	at org.bukkit.craftbukkit.v1_20_R2.scheduler.CraftAsyncTask.run(CraftAsyncTask.java:57)
	at com.destroystokyo.paper.ServerSchedulerReportingWrapper.run(ServerSchedulerReportingWrapper.java:22)
	at java.base/java.util.concurrent.ThreadPoolExecutor.runWorker(ThreadPoolExecutor.java:1136)
	at java.base/java.util.concurrent.ThreadPoolExecutor$Worker.run(ThreadPoolExecutor.java:635)
	at java.base/java.lang.Thread.run(Thread.java:842)

[11-04 18:43:43]: [INFO] AuthMe 5.6.0-beta2-b2453 disabled!
[11-04 18:45:42]: [INFO] SQLite Setup finished
[11-04 18:45:42]: [INFO] Hooked into LuckPerms!
[11-04 18:45:42]: [INFO] Hooked successfully into Essentials
[11-04 18:45:42]: [INFO] Essentials spawn file not found: 'D:\MinecraftProject\Server 1.20.2\plugins\Essentials\spawn.yml'
[11-04 18:45:42]: [WARN] WARNING! The protectInventory feature requires ProtocolLib! Disabling it...
[11-04 18:45:42]: [INFO] AuthMe 5.6.0-beta2 build n.2453 successfully enabled!
[11-04 18:45:43]: [INFO] Downloading GEO IP database, because the old database is older than 30 days or doesn't exist
[11-04 18:45:43]: [WARN] No MaxMind credentials found in the configuration file! GeoIp protections will be disabled.
[11-04 18:45:43]: [INFO] There is no newer GEO IP database uploaded to MaxMind. Using the old one for now.
[11-04 18:45:43]: [WARN] Could not download GeoLiteAPI database [FileNotFoundException]: plugins\AuthMe\GeoLite2-Country.mmdb (Не удается найти указанный файл)
[11-04 18:45:43]: java.io.FileNotFoundException: plugins\AuthMe\GeoLite2-Country.mmdb (Не удается найти указанный файл)
	at java.base/java.io.RandomAccessFile.open0(Native Method)
	at java.base/java.io.RandomAccessFile.open(RandomAccessFile.java:344)
	at java.base/java.io.RandomAccessFile.<init>(RandomAccessFile.java:259)
	at java.base/java.io.RandomAccessFile.<init>(RandomAccessFile.java:213)
	at AuthMe-5.6.0-beta2.jar//fr.xephi.authme.libs.com.maxmind.db.BufferHolder.<init>(BufferHolder.java:20)
	at AuthMe-5.6.0-beta2.jar//fr.xephi.authme.libs.com.maxmind.db.Reader.<init>(Reader.java:121)
	at AuthMe-5.6.0-beta2.jar//fr.xephi.authme.service.GeoIpService.startReading(GeoIpService.java:173)
	at AuthMe-5.6.0-beta2.jar//fr.xephi.authme.service.GeoIpService.updateDatabase(GeoIpService.java:144)
	at org.bukkit.craftbukkit.v1_20_R2.scheduler.CraftTask.run(CraftTask.java:101)
	at org.bukkit.craftbukkit.v1_20_R2.scheduler.CraftAsyncTask.run(CraftAsyncTask.java:57)
	at com.destroystokyo.paper.ServerSchedulerReportingWrapper.run(ServerSchedulerReportingWrapper.java:22)
	at java.base/java.util.concurrent.ThreadPoolExecutor.runWorker(ThreadPoolExecutor.java:1136)
	at java.base/java.util.concurrent.ThreadPoolExecutor$Worker.run(ThreadPoolExecutor.java:635)
	at java.base/java.lang.Thread.run(Thread.java:842)

[11-04 18:46:53]: [INFO] AuthMe 5.6.0-beta2-b2453 disabled!
[11-05 15:17:28]: [INFO] SQLite Setup finished
[11-05 15:17:28]: [INFO] Hooked into LuckPerms!
[11-05 15:17:28]: [INFO] Hooked successfully into Essentials
[11-05 15:17:28]: [INFO] Essentials spawn file not found: 'D:\MinecraftProject\Server 1.20.2\plugins\Essentials\spawn.yml'
[11-05 15:17:28]: [WARN] WARNING! The protectInventory feature requires ProtocolLib! Disabling it...
[11-05 15:17:28]: [INFO] AuthMe 5.6.0-beta2 build n.2453 successfully enabled!
[11-05 15:17:29]: [INFO] Downloading GEO IP database, because the old database is older than 30 days or doesn't exist
[11-05 15:17:29]: [WARN] No MaxMind credentials found in the configuration file! GeoIp protections will be disabled.
[11-05 15:17:29]: [INFO] There is no newer GEO IP database uploaded to MaxMind. Using the old one for now.
[11-05 15:17:29]: [WARN] Could not download GeoLiteAPI database [FileNotFoundException]: plugins\AuthMe\GeoLite2-Country.mmdb (Не удается найти указанный файл)
[11-05 15:17:29]: java.io.FileNotFoundException: plugins\AuthMe\GeoLite2-Country.mmdb (Не удается найти указанный файл)
	at java.base/java.io.RandomAccessFile.open0(Native Method)
	at java.base/java.io.RandomAccessFile.open(RandomAccessFile.java:344)
	at java.base/java.io.RandomAccessFile.<init>(RandomAccessFile.java:259)
	at java.base/java.io.RandomAccessFile.<init>(RandomAccessFile.java:213)
	at AuthMe-5.6.0-beta2.jar//fr.xephi.authme.libs.com.maxmind.db.BufferHolder.<init>(BufferHolder.java:20)
	at AuthMe-5.6.0-beta2.jar//fr.xephi.authme.libs.com.maxmind.db.Reader.<init>(Reader.java:121)
	at AuthMe-5.6.0-beta2.jar//fr.xephi.authme.service.GeoIpService.startReading(GeoIpService.java:173)
	at AuthMe-5.6.0-beta2.jar//fr.xephi.authme.service.GeoIpService.updateDatabase(GeoIpService.java:144)
	at org.bukkit.craftbukkit.v1_20_R2.scheduler.CraftTask.run(CraftTask.java:101)
	at org.bukkit.craftbukkit.v1_20_R2.scheduler.CraftAsyncTask.run(CraftAsyncTask.java:57)
	at com.destroystokyo.paper.ServerSchedulerReportingWrapper.run(ServerSchedulerReportingWrapper.java:22)
	at java.base/java.util.concurrent.ThreadPoolExecutor.runWorker(ThreadPoolExecutor.java:1136)
	at java.base/java.util.concurrent.ThreadPoolExecutor$Worker.run(ThreadPoolExecutor.java:635)
	at java.base/java.lang.Thread.run(Thread.java:842)

[11-05 15:18:02]: [INFO] AuthMe 5.6.0-beta2-b2453 disabled!
[11-05 15:19:46]: [INFO] SQLite Setup finished
[11-05 15:19:46]: [INFO] Hooked into LuckPerms!
[11-05 15:19:46]: [INFO] Hooked successfully into Essentials
[11-05 15:19:46]: [INFO] Essentials spawn file not found: 'D:\MinecraftProject\Server 1.20.2\plugins\Essentials\spawn.yml'
[11-05 15:19:46]: [WARN] WARNING! The protectInventory feature requires ProtocolLib! Disabling it...
[11-05 15:19:46]: [INFO] AuthMe 5.6.0-beta2 build n.2453 successfully enabled!
[11-05 15:19:47]: [INFO] Downloading GEO IP database, because the old database is older than 30 days or doesn't exist
[11-05 15:19:47]: [WARN] No MaxMind credentials found in the configuration file! GeoIp protections will be disabled.
[11-05 15:19:47]: [INFO] There is no newer GEO IP database uploaded to MaxMind. Using the old one for now.
[11-05 15:19:47]: [WARN] Could not download GeoLiteAPI database [FileNotFoundException]: plugins\AuthMe\GeoLite2-Country.mmdb (Не удается найти указанный файл)
[11-05 15:19:47]: java.io.FileNotFoundException: plugins\AuthMe\GeoLite2-Country.mmdb (Не удается найти указанный файл)
	at java.base/java.io.RandomAccessFile.open0(Native Method)
	at java.base/java.io.RandomAccessFile.open(RandomAccessFile.java:344)
	at java.base/java.io.RandomAccessFile.<init>(RandomAccessFile.java:259)
	at java.base/java.io.RandomAccessFile.<init>(RandomAccessFile.java:213)
	at AuthMe-5.6.0-beta2.jar//fr.xephi.authme.libs.com.maxmind.db.BufferHolder.<init>(BufferHolder.java:20)
	at AuthMe-5.6.0-beta2.jar//fr.xephi.authme.libs.com.maxmind.db.Reader.<init>(Reader.java:121)
	at AuthMe-5.6.0-beta2.jar//fr.xephi.authme.service.GeoIpService.startReading(GeoIpService.java:173)
	at AuthMe-5.6.0-beta2.jar//fr.xephi.authme.service.GeoIpService.updateDatabase(GeoIpService.java:144)
	at org.bukkit.craftbukkit.v1_20_R2.scheduler.CraftTask.run(CraftTask.java:101)
	at org.bukkit.craftbukkit.v1_20_R2.scheduler.CraftAsyncTask.run(CraftAsyncTask.java:57)
	at com.destroystokyo.paper.ServerSchedulerReportingWrapper.run(ServerSchedulerReportingWrapper.java:22)
	at java.base/java.util.concurrent.ThreadPoolExecutor.runWorker(ThreadPoolExecutor.java:1136)
	at java.base/java.util.concurrent.ThreadPoolExecutor$Worker.run(ThreadPoolExecutor.java:635)
	at java.base/java.lang.Thread.run(Thread.java:842)

[11-05 15:25:17]: [FINE] ZALIKSPLAY registered 127.0.0.1
[11-05 15:25:17]: [FINE] ZALIKSPLAY logged in 127.0.0.1
[11-05 15:26:03]: [FINE] ZALIKSPLAY logged in 127.0.0.1
[11-05 15:26:30]: [INFO] AuthMe 5.6.0-beta2-b2453 disabled!
[11-05 15:37:49]: [INFO] SQLite Setup finished
[11-05 15:37:49]: [INFO] Hooked into LuckPerms!
[11-05 15:37:49]: [INFO] Hooked successfully into Essentials
[11-05 15:37:49]: [INFO] Essentials spawn file not found: 'D:\MinecraftProject\Server 1.20.2\plugins\Essentials\spawn.yml'
[11-05 15:37:49]: [WARN] WARNING! The protectInventory feature requires ProtocolLib! Disabling it...
[11-05 15:37:49]: [INFO] AuthMe 5.6.0-beta2 build n.2453 successfully enabled!
[11-05 15:37:50]: [INFO] Downloading GEO IP database, because the old database is older than 30 days or doesn't exist
[11-05 15:37:50]: [WARN] No MaxMind credentials found in the configuration file! GeoIp protections will be disabled.
[11-05 15:37:50]: [INFO] There is no newer GEO IP database uploaded to MaxMind. Using the old one for now.
[11-05 15:37:50]: [WARN] Could not download GeoLiteAPI database [FileNotFoundException]: plugins\AuthMe\GeoLite2-Country.mmdb (Не удается найти указанный файл)
[11-05 15:37:50]: java.io.FileNotFoundException: plugins\AuthMe\GeoLite2-Country.mmdb (Не удается найти указанный файл)
	at java.base/java.io.RandomAccessFile.open0(Native Method)
	at java.base/java.io.RandomAccessFile.open(RandomAccessFile.java:344)
	at java.base/java.io.RandomAccessFile.<init>(RandomAccessFile.java:259)
	at java.base/java.io.RandomAccessFile.<init>(RandomAccessFile.java:213)
	at AuthMe-5.6.0-beta2.jar//fr.xephi.authme.libs.com.maxmind.db.BufferHolder.<init>(BufferHolder.java:20)
	at AuthMe-5.6.0-beta2.jar//fr.xephi.authme.libs.com.maxmind.db.Reader.<init>(Reader.java:121)
	at AuthMe-5.6.0-beta2.jar//fr.xephi.authme.service.GeoIpService.startReading(GeoIpService.java:173)
	at AuthMe-5.6.0-beta2.jar//fr.xephi.authme.service.GeoIpService.updateDatabase(GeoIpService.java:144)
	at org.bukkit.craftbukkit.v1_20_R2.scheduler.CraftTask.run(CraftTask.java:101)
	at org.bukkit.craftbukkit.v1_20_R2.scheduler.CraftAsyncTask.run(CraftAsyncTask.java:57)
	at com.destroystokyo.paper.ServerSchedulerReportingWrapper.run(ServerSchedulerReportingWrapper.java:22)
	at java.base/java.util.concurrent.ThreadPoolExecutor.runWorker(ThreadPoolExecutor.java:1136)
	at java.base/java.util.concurrent.ThreadPoolExecutor$Worker.run(ThreadPoolExecutor.java:635)
	at java.base/java.lang.Thread.run(Thread.java:842)

[11-05 15:38:19]: [FINE] ZALIKSPLAY logged in 127.0.0.1
[11-05 15:39:35]: [FINE] ZALIKSPLAY logged in 127.0.0.1
[11-05 15:40:41]: [INFO] AuthMe 5.6.0-beta2-b2453 disabled!
[11-05 15:43:10]: [INFO] SQLite Setup finished
[11-05 15:43:10]: [INFO] Hooked into LuckPerms!
[11-05 15:43:10]: [INFO] Hooked successfully into Essentials
[11-05 15:43:10]: [INFO] Essentials spawn file not found: 'D:\MinecraftProject\Server 1.20.2\plugins\Essentials\spawn.yml'
[11-05 15:43:10]: [WARN] WARNING! The protectInventory feature requires ProtocolLib! Disabling it...
[11-05 15:43:10]: [INFO] AuthMe 5.6.0-beta2 build n.2453 successfully enabled!
[11-05 15:43:11]: [INFO] Downloading GEO IP database, because the old database is older than 30 days or doesn't exist
[11-05 15:43:11]: [WARN] No MaxMind credentials found in the configuration file! GeoIp protections will be disabled.
[11-05 15:43:11]: [INFO] There is no newer GEO IP database uploaded to MaxMind. Using the old one for now.
[11-05 15:43:11]: [WARN] Could not download GeoLiteAPI database [FileNotFoundException]: plugins\AuthMe\GeoLite2-Country.mmdb (Не удается найти указанный файл)
[11-05 15:43:11]: java.io.FileNotFoundException: plugins\AuthMe\GeoLite2-Country.mmdb (Не удается найти указанный файл)
	at java.base/java.io.RandomAccessFile.open0(Native Method)
	at java.base/java.io.RandomAccessFile.open(RandomAccessFile.java:344)
	at java.base/java.io.RandomAccessFile.<init>(RandomAccessFile.java:259)
	at java.base/java.io.RandomAccessFile.<init>(RandomAccessFile.java:213)
	at AuthMe-5.6.0-beta2.jar//fr.xephi.authme.libs.com.maxmind.db.BufferHolder.<init>(BufferHolder.java:20)
	at AuthMe-5.6.0-beta2.jar//fr.xephi.authme.libs.com.maxmind.db.Reader.<init>(Reader.java:121)
	at AuthMe-5.6.0-beta2.jar//fr.xephi.authme.service.GeoIpService.startReading(GeoIpService.java:173)
	at AuthMe-5.6.0-beta2.jar//fr.xephi.authme.service.GeoIpService.updateDatabase(GeoIpService.java:144)
	at org.bukkit.craftbukkit.v1_20_R2.scheduler.CraftTask.run(CraftTask.java:101)
	at org.bukkit.craftbukkit.v1_20_R2.scheduler.CraftAsyncTask.run(CraftAsyncTask.java:57)
	at com.destroystokyo.paper.ServerSchedulerReportingWrapper.run(ServerSchedulerReportingWrapper.java:22)
	at java.base/java.util.concurrent.ThreadPoolExecutor.runWorker(ThreadPoolExecutor.java:1136)
	at java.base/java.util.concurrent.ThreadPoolExecutor$Worker.run(ThreadPoolExecutor.java:635)
	at java.base/java.lang.Thread.run(Thread.java:842)

[11-05 15:43:22]: [FINE] ZALIKSPLAY logged in 127.0.0.1
[11-05 15:43:38]: [INFO] AuthMe 5.6.0-beta2-b2453 disabled!
[11-05 15:45:49]: [INFO] SQLite Setup finished
[11-05 15:45:49]: [INFO] Hooked into LuckPerms!
[11-05 15:45:49]: [INFO] Hooked successfully into Essentials
[11-05 15:45:49]: [INFO] Essentials spawn file not found: 'D:\MinecraftProject\Server 1.20.2\plugins\Essentials\spawn.yml'
[11-05 15:45:49]: [WARN] WARNING! The protectInventory feature requires ProtocolLib! Disabling it...
[11-05 15:45:49]: [INFO] AuthMe 5.6.0-beta2 build n.2453 successfully enabled!
[11-05 15:45:51]: [INFO] Downloading GEO IP database, because the old database is older than 30 days or doesn't exist
[11-05 15:45:51]: [WARN] No MaxMind credentials found in the configuration file! GeoIp protections will be disabled.
[11-05 15:45:51]: [INFO] There is no newer GEO IP database uploaded to MaxMind. Using the old one for now.
[11-05 15:45:51]: [WARN] Could not download GeoLiteAPI database [FileNotFoundException]: plugins\AuthMe\GeoLite2-Country.mmdb (Не удается найти указанный файл)
[11-05 15:45:51]: java.io.FileNotFoundException: plugins\AuthMe\GeoLite2-Country.mmdb (Не удается найти указанный файл)
	at java.base/java.io.RandomAccessFile.open0(Native Method)
	at java.base/java.io.RandomAccessFile.open(RandomAccessFile.java:344)
	at java.base/java.io.RandomAccessFile.<init>(RandomAccessFile.java:259)
	at java.base/java.io.RandomAccessFile.<init>(RandomAccessFile.java:213)
	at AuthMe-5.6.0-beta2.jar//fr.xephi.authme.libs.com.maxmind.db.BufferHolder.<init>(BufferHolder.java:20)
	at AuthMe-5.6.0-beta2.jar//fr.xephi.authme.libs.com.maxmind.db.Reader.<init>(Reader.java:121)
	at AuthMe-5.6.0-beta2.jar//fr.xephi.authme.service.GeoIpService.startReading(GeoIpService.java:173)
	at AuthMe-5.6.0-beta2.jar//fr.xephi.authme.service.GeoIpService.updateDatabase(GeoIpService.java:144)
	at org.bukkit.craftbukkit.v1_20_R2.scheduler.CraftTask.run(CraftTask.java:101)
	at org.bukkit.craftbukkit.v1_20_R2.scheduler.CraftAsyncTask.run(CraftAsyncTask.java:57)
	at com.destroystokyo.paper.ServerSchedulerReportingWrapper.run(ServerSchedulerReportingWrapper.java:22)
	at java.base/java.util.concurrent.ThreadPoolExecutor.runWorker(ThreadPoolExecutor.java:1136)
	at java.base/java.util.concurrent.ThreadPoolExecutor$Worker.run(ThreadPoolExecutor.java:635)
	at java.base/java.lang.Thread.run(Thread.java:842)

[11-05 15:47:24]: [FINE] ZALIKSPLAY logged in 127.0.0.1
[11-05 15:48:34]: [INFO] AuthMe 5.6.0-beta2-b2453 disabled!
[11-05 15:52:56]: [INFO] SQLite Setup finished
[11-05 15:52:56]: [INFO] Hooked into LuckPerms!
[11-05 15:52:56]: [INFO] Hooked successfully into Essentials
[11-05 15:52:56]: [INFO] Essentials spawn file not found: 'D:\MinecraftProject\Server 1.20.2\plugins\Essentials\spawn.yml'
[11-05 15:52:56]: [WARN] WARNING! The protectInventory feature requires ProtocolLib! Disabling it...
[11-05 15:52:56]: [INFO] AuthMe 5.6.0-beta2 build n.2453 successfully enabled!
[11-05 15:52:58]: [INFO] Downloading GEO IP database, because the old database is older than 30 days or doesn't exist
[11-05 15:52:58]: [WARN] No MaxMind credentials found in the configuration file! GeoIp protections will be disabled.
[11-05 15:52:58]: [INFO] There is no newer GEO IP database uploaded to MaxMind. Using the old one for now.
[11-05 15:52:58]: [WARN] Could not download GeoLiteAPI database [FileNotFoundException]: plugins\AuthMe\GeoLite2-Country.mmdb (Не удается найти указанный файл)
[11-05 15:52:58]: java.io.FileNotFoundException: plugins\AuthMe\GeoLite2-Country.mmdb (Не удается найти указанный файл)
	at java.base/java.io.RandomAccessFile.open0(Native Method)
	at java.base/java.io.RandomAccessFile.open(RandomAccessFile.java:344)
	at java.base/java.io.RandomAccessFile.<init>(RandomAccessFile.java:259)
	at java.base/java.io.RandomAccessFile.<init>(RandomAccessFile.java:213)
	at AuthMe-5.6.0-beta2.jar//fr.xephi.authme.libs.com.maxmind.db.BufferHolder.<init>(BufferHolder.java:20)
	at AuthMe-5.6.0-beta2.jar//fr.xephi.authme.libs.com.maxmind.db.Reader.<init>(Reader.java:121)
	at AuthMe-5.6.0-beta2.jar//fr.xephi.authme.service.GeoIpService.startReading(GeoIpService.java:173)
	at AuthMe-5.6.0-beta2.jar//fr.xephi.authme.service.GeoIpService.updateDatabase(GeoIpService.java:144)
	at org.bukkit.craftbukkit.v1_20_R2.scheduler.CraftTask.run(CraftTask.java:101)
	at org.bukkit.craftbukkit.v1_20_R2.scheduler.CraftAsyncTask.run(CraftAsyncTask.java:57)
	at com.destroystokyo.paper.ServerSchedulerReportingWrapper.run(ServerSchedulerReportingWrapper.java:22)
	at java.base/java.util.concurrent.ThreadPoolExecutor.runWorker(ThreadPoolExecutor.java:1136)
	at java.base/java.util.concurrent.ThreadPoolExecutor$Worker.run(ThreadPoolExecutor.java:635)
	at java.base/java.lang.Thread.run(Thread.java:842)

[11-05 15:53:19]: [FINE] ZALIKSPLAY logged in 127.0.0.1
[11-05 15:58:20]: [INFO] AuthMe 5.6.0-beta2-b2453 disabled!
[06-02 16:23:02]: [INFO] SQLite Setup finished
[06-02 16:23:02]: [INFO] Hooked into LuckPerms!
[06-02 16:23:02]: [INFO] Hooked successfully into Essentials
[06-02 16:23:02]: [INFO] Essentials spawn file not found: 'C:\Users\zaliks\Desktop\GitHub\MinecraftProject\Server\plugins\Essentials\spawn.yml'
[06-02 16:23:02]: [WARN] WARNING! The protectInventory feature requires ProtocolLib! Disabling it...
[06-02 16:23:03]: [INFO] AuthMe 5.6.0-beta2 build n.2453 successfully enabled!
[06-02 16:23:04]: [INFO] Downloading GEO IP database, because the old database is older than 30 days or doesn't exist
[06-02 16:23:04]: [WARN] No MaxMind credentials found in the configuration file! GeoIp protections will be disabled.
[06-02 16:23:04]: [INFO] There is no newer GEO IP database uploaded to MaxMind. Using the old one for now.
[06-02 16:23:04]: [WARN] Could not download GeoLiteAPI database [FileNotFoundException]: plugins\AuthMe\GeoLite2-Country.mmdb (Не удается найти указанный файл)
[06-02 16:23:04]: java.io.FileNotFoundException: plugins\AuthMe\GeoLite2-Country.mmdb (Не удается найти указанный файл)
	at java.base/java.io.RandomAccessFile.open0(Native Method)
	at java.base/java.io.RandomAccessFile.open(RandomAccessFile.java:346)
	at java.base/java.io.RandomAccessFile.<init>(RandomAccessFile.java:260)
	at java.base/java.io.RandomAccessFile.<init>(RandomAccessFile.java:214)
	at AuthMe-5.6.0-beta2.jar//fr.xephi.authme.libs.com.maxmind.db.BufferHolder.<init>(BufferHolder.java:20)
	at AuthMe-5.6.0-beta2.jar//fr.xephi.authme.libs.com.maxmind.db.Reader.<init>(Reader.java:121)
	at AuthMe-5.6.0-beta2.jar//fr.xephi.authme.service.GeoIpService.startReading(GeoIpService.java:173)
	at AuthMe-5.6.0-beta2.jar//fr.xephi.authme.service.GeoIpService.updateDatabase(GeoIpService.java:144)
	at org.bukkit.craftbukkit.v1_20_R2.scheduler.CraftTask.run(CraftTask.java:101)
	at org.bukkit.craftbukkit.v1_20_R2.scheduler.CraftAsyncTask.run(CraftAsyncTask.java:57)
	at com.destroystokyo.paper.ServerSchedulerReportingWrapper.run(ServerSchedulerReportingWrapper.java:22)
	at java.base/java.util.concurrent.ThreadPoolExecutor.runWorker(ThreadPoolExecutor.java:1144)
	at java.base/java.util.concurrent.ThreadPoolExecutor$Worker.run(ThreadPoolExecutor.java:642)
	at java.base/java.lang.Thread.run(Thread.java:1623)

[06-02 16:28:57]: [FINE] ZALIKS registered 127.0.0.1
[06-02 16:28:57]: [FINE] The user ZALIKS has 2 accounts:
[06-02 16:28:57]: [FINE] §7zaliksplay, §aZALIKS§7.
[06-02 16:28:57]: [FINE] ZALIKS logged in 127.0.0.1
[06-02 16:29:48]: [INFO] AuthMe 5.6.0-beta2-b2453 disabled!
[06-02 17:54:17]: [INFO] SQLite Setup finished
[06-02 17:54:17]: [INFO] Hooked into LuckPerms!
[06-02 17:54:17]: [INFO] Hooked successfully into Essentials
[06-02 17:54:17]: [INFO] Essentials spawn file not found: 'C:\Users\zaliks\Desktop\GitHub\MinecraftProject\Server\plugins\Essentials\spawn.yml'
[06-02 17:54:17]: [WARN] WARNING! The protectInventory feature requires ProtocolLib! Disabling it...
[06-02 17:54:17]: [INFO] AuthMe 5.6.0-beta2 build n.2453 successfully enabled!
[06-02 17:54:18]: [INFO] Downloading GEO IP database, because the old database is older than 30 days or doesn't exist
[06-02 17:54:18]: [WARN] No MaxMind credentials found in the configuration file! GeoIp protections will be disabled.
[06-02 17:54:18]: [INFO] There is no newer GEO IP database uploaded to MaxMind. Using the old one for now.
[06-02 17:54:18]: [WARN] Could not download GeoLiteAPI database [FileNotFoundException]: plugins\AuthMe\GeoLite2-Country.mmdb (Не удается найти указанный файл)
[06-02 17:54:18]: java.io.FileNotFoundException: plugins\AuthMe\GeoLite2-Country.mmdb (Не удается найти указанный файл)
	at java.base/java.io.RandomAccessFile.open0(Native Method)
	at java.base/java.io.RandomAccessFile.open(RandomAccessFile.java:346)
	at java.base/java.io.RandomAccessFile.<init>(RandomAccessFile.java:260)
	at java.base/java.io.RandomAccessFile.<init>(RandomAccessFile.java:214)
	at AuthMe-5.6.0-beta2.jar//fr.xephi.authme.libs.com.maxmind.db.BufferHolder.<init>(BufferHolder.java:20)
	at AuthMe-5.6.0-beta2.jar//fr.xephi.authme.libs.com.maxmind.db.Reader.<init>(Reader.java:121)
	at AuthMe-5.6.0-beta2.jar//fr.xephi.authme.service.GeoIpService.startReading(GeoIpService.java:173)
	at AuthMe-5.6.0-beta2.jar//fr.xephi.authme.service.GeoIpService.updateDatabase(GeoIpService.java:144)
	at org.bukkit.craftbukkit.v1_20_R2.scheduler.CraftTask.run(CraftTask.java:101)
	at org.bukkit.craftbukkit.v1_20_R2.scheduler.CraftAsyncTask.run(CraftAsyncTask.java:57)
	at com.destroystokyo.paper.ServerSchedulerReportingWrapper.run(ServerSchedulerReportingWrapper.java:22)
	at java.base/java.util.concurrent.ThreadPoolExecutor.runWorker(ThreadPoolExecutor.java:1144)
	at java.base/java.util.concurrent.ThreadPoolExecutor$Worker.run(ThreadPoolExecutor.java:642)
	at java.base/java.lang.Thread.run(Thread.java:1623)

[06-02 17:55:17]: [FINE] The user ZALIKS has 2 accounts:
[06-02 17:55:17]: [FINE] §7zaliksplay, §aZALIKS§7.
[06-02 17:55:17]: [FINE] ZALIKS logged in 127.0.0.1
[06-02 18:07:03]: [INFO] AuthMe 5.6.0-beta2-b2453 disabled!
[06-02 18:08:12]: [INFO] SQLite Setup finished
[06-02 18:08:12]: [INFO] Hooked into LuckPerms!
[06-02 18:08:13]: [INFO] Hooked successfully into Essentials
[06-02 18:08:13]: [INFO] Essentials spawn file not found: 'C:\Users\zaliks\Desktop\GitHub\MinecraftProject\Server\plugins\Essentials\spawn.yml'
[06-02 18:08:13]: [WARN] WARNING! The protectInventory feature requires ProtocolLib! Disabling it...
[06-02 18:08:13]: [INFO] AuthMe 5.6.0-beta2 build n.2453 successfully enabled!
[06-02 18:08:14]: [INFO] Downloading GEO IP database, because the old database is older than 30 days or doesn't exist
[06-02 18:08:14]: [WARN] No MaxMind credentials found in the configuration file! GeoIp protections will be disabled.
[06-02 18:08:14]: [INFO] There is no newer GEO IP database uploaded to MaxMind. Using the old one for now.
[06-02 18:08:14]: [WARN] Could not download GeoLiteAPI database [FileNotFoundException]: plugins\AuthMe\GeoLite2-Country.mmdb (Не удается найти указанный файл)
[06-02 18:08:14]: java.io.FileNotFoundException: plugins\AuthMe\GeoLite2-Country.mmdb (Не удается найти указанный файл)
	at java.base/java.io.RandomAccessFile.open0(Native Method)
	at java.base/java.io.RandomAccessFile.open(RandomAccessFile.java:346)
	at java.base/java.io.RandomAccessFile.<init>(RandomAccessFile.java:260)
	at java.base/java.io.RandomAccessFile.<init>(RandomAccessFile.java:214)
	at AuthMe-5.6.0-beta2.jar//fr.xephi.authme.libs.com.maxmind.db.BufferHolder.<init>(BufferHolder.java:20)
	at AuthMe-5.6.0-beta2.jar//fr.xephi.authme.libs.com.maxmind.db.Reader.<init>(Reader.java:121)
	at AuthMe-5.6.0-beta2.jar//fr.xephi.authme.service.GeoIpService.startReading(GeoIpService.java:173)
	at AuthMe-5.6.0-beta2.jar//fr.xephi.authme.service.GeoIpService.updateDatabase(GeoIpService.java:144)
	at org.bukkit.craftbukkit.v1_20_R2.scheduler.CraftTask.run(CraftTask.java:101)
	at org.bukkit.craftbukkit.v1_20_R2.scheduler.CraftAsyncTask.run(CraftAsyncTask.java:57)
	at com.destroystokyo.paper.ServerSchedulerReportingWrapper.run(ServerSchedulerReportingWrapper.java:22)
	at java.base/java.util.concurrent.ThreadPoolExecutor.runWorker(ThreadPoolExecutor.java:1144)
	at java.base/java.util.concurrent.ThreadPoolExecutor$Worker.run(ThreadPoolExecutor.java:642)
	at java.base/java.lang.Thread.run(Thread.java:1623)

[06-02 18:08:42]: [FINE] The user ZALIKS has 2 accounts:
[06-02 18:08:42]: [FINE] §7zaliksplay, §aZALIKS§7.
[06-02 18:08:42]: [FINE] ZALIKS logged in 127.0.0.1
[06-02 18:28:13]: [INFO] AuthMe 5.6.0-beta2-b2453 disabled!
[06-02 18:38:40]: [INFO] SQLite Setup finished
[06-02 18:38:40]: [INFO] Hooked into LuckPerms!
[06-02 18:38:40]: [INFO] Hooked successfully into Essentials
[06-02 18:38:40]: [INFO] Essentials spawn file not found: 'C:\Users\zaliks\Desktop\GitHub\MinecraftProject\Server\plugins\Essentials\spawn.yml'
[06-02 18:38:40]: [WARN] WARNING! The protectInventory feature requires ProtocolLib! Disabling it...
[06-02 18:38:40]: [INFO] AuthMe 5.6.0-beta2 build n.2453 successfully enabled!
[06-02 18:38:41]: [INFO] Downloading GEO IP database, because the old database is older than 30 days or doesn't exist
[06-02 18:38:41]: [WARN] No MaxMind credentials found in the configuration file! GeoIp protections will be disabled.
[06-02 18:38:41]: [INFO] There is no newer GEO IP database uploaded to MaxMind. Using the old one for now.
[06-02 18:38:41]: [WARN] Could not download GeoLiteAPI database [FileNotFoundException]: plugins\AuthMe\GeoLite2-Country.mmdb (Не удается найти указанный файл)
[06-02 18:38:41]: java.io.FileNotFoundException: plugins\AuthMe\GeoLite2-Country.mmdb (Не удается найти указанный файл)
	at java.base/java.io.RandomAccessFile.open0(Native Method)
	at java.base/java.io.RandomAccessFile.open(RandomAccessFile.java:346)
	at java.base/java.io.RandomAccessFile.<init>(RandomAccessFile.java:260)
	at java.base/java.io.RandomAccessFile.<init>(RandomAccessFile.java:214)
	at AuthMe-5.6.0-beta2.jar//fr.xephi.authme.libs.com.maxmind.db.BufferHolder.<init>(BufferHolder.java:20)
	at AuthMe-5.6.0-beta2.jar//fr.xephi.authme.libs.com.maxmind.db.Reader.<init>(Reader.java:121)
	at AuthMe-5.6.0-beta2.jar//fr.xephi.authme.service.GeoIpService.startReading(GeoIpService.java:173)
	at AuthMe-5.6.0-beta2.jar//fr.xephi.authme.service.GeoIpService.updateDatabase(GeoIpService.java:144)
	at org.bukkit.craftbukkit.v1_20_R2.scheduler.CraftTask.run(CraftTask.java:101)
	at org.bukkit.craftbukkit.v1_20_R2.scheduler.CraftAsyncTask.run(CraftAsyncTask.java:57)
	at com.destroystokyo.paper.ServerSchedulerReportingWrapper.run(ServerSchedulerReportingWrapper.java:22)
	at java.base/java.util.concurrent.ThreadPoolExecutor.runWorker(ThreadPoolExecutor.java:1144)
	at java.base/java.util.concurrent.ThreadPoolExecutor$Worker.run(ThreadPoolExecutor.java:642)
	at java.base/java.lang.Thread.run(Thread.java:1623)

[06-02 18:38:53]: [FINE] The user ZALIKS has 2 accounts:
[06-02 18:38:53]: [FINE] §7zaliksplay, §aZALIKS§7.
[06-02 18:38:53]: [FINE] ZALIKS logged in 127.0.0.1
[06-02 18:39:15]: [INFO] AuthMe 5.6.0-beta2-b2453 disabled!
[06-02 18:40:58]: [INFO] SQLite Setup finished
[06-02 18:40:58]: [INFO] Hooked into LuckPerms!
[06-02 18:40:58]: [INFO] Hooked successfully into Essentials
[06-02 18:40:58]: [INFO] Essentials spawn file not found: 'C:\Users\zaliks\Desktop\GitHub\MinecraftProject\Server\plugins\Essentials\spawn.yml'
[06-02 18:40:59]: [WARN] WARNING! The protectInventory feature requires ProtocolLib! Disabling it...
[06-02 18:40:59]: [INFO] AuthMe 5.6.0-beta2 build n.2453 successfully enabled!
[06-02 18:41:00]: [INFO] Downloading GEO IP database, because the old database is older than 30 days or doesn't exist
[06-02 18:41:00]: [WARN] No MaxMind credentials found in the configuration file! GeoIp protections will be disabled.
[06-02 18:41:00]: [INFO] There is no newer GEO IP database uploaded to MaxMind. Using the old one for now.
[06-02 18:41:00]: [WARN] Could not download GeoLiteAPI database [FileNotFoundException]: plugins\AuthMe\GeoLite2-Country.mmdb (Не удается найти указанный файл)
[06-02 18:41:00]: java.io.FileNotFoundException: plugins\AuthMe\GeoLite2-Country.mmdb (Не удается найти указанный файл)
	at java.base/java.io.RandomAccessFile.open0(Native Method)
	at java.base/java.io.RandomAccessFile.open(RandomAccessFile.java:346)
	at java.base/java.io.RandomAccessFile.<init>(RandomAccessFile.java:260)
	at java.base/java.io.RandomAccessFile.<init>(RandomAccessFile.java:214)
	at AuthMe-5.6.0-beta2.jar//fr.xephi.authme.libs.com.maxmind.db.BufferHolder.<init>(BufferHolder.java:20)
	at AuthMe-5.6.0-beta2.jar//fr.xephi.authme.libs.com.maxmind.db.Reader.<init>(Reader.java:121)
	at AuthMe-5.6.0-beta2.jar//fr.xephi.authme.service.GeoIpService.startReading(GeoIpService.java:173)
	at AuthMe-5.6.0-beta2.jar//fr.xephi.authme.service.GeoIpService.updateDatabase(GeoIpService.java:144)
	at org.bukkit.craftbukkit.v1_20_R2.scheduler.CraftTask.run(CraftTask.java:101)
	at org.bukkit.craftbukkit.v1_20_R2.scheduler.CraftAsyncTask.run(CraftAsyncTask.java:57)
	at com.destroystokyo.paper.ServerSchedulerReportingWrapper.run(ServerSchedulerReportingWrapper.java:22)
	at java.base/java.util.concurrent.ThreadPoolExecutor.runWorker(ThreadPoolExecutor.java:1144)
	at java.base/java.util.concurrent.ThreadPoolExecutor$Worker.run(ThreadPoolExecutor.java:642)
	at java.base/java.lang.Thread.run(Thread.java:1623)

[06-02 18:41:09]: [FINE] The user ZALIKS has 2 accounts:
[06-02 18:41:09]: [FINE] §7zaliksplay, §aZALIKS§7.
[06-02 18:41:09]: [FINE] ZALIKS logged in 127.0.0.1
[06-02 19:42:51]: [INFO] AuthMe 5.6.0-beta2-b2453 disabled!
[06-08 14:29:51]: [INFO] SQLite Setup finished
[06-08 14:29:51]: [INFO] Hooked into LuckPerms!
[06-08 14:29:51]: [INFO] Hooked successfully into Essentials
[06-08 14:29:51]: [INFO] Essentials spawn file not found: 'C:\Users\zaliks\Desktop\GitHub\MinecraftProject\Server\plugins\Essentials\spawn.yml'
[06-08 14:29:51]: [WARN] WARNING! The protectInventory feature requires ProtocolLib! Disabling it...
[06-08 14:29:52]: [INFO] AuthMe 5.6.0-beta2 build n.2453 successfully enabled!
[06-08 14:29:52]: [INFO] Downloading GEO IP database, because the old database is older than 30 days or doesn't exist
[06-08 14:29:52]: [WARN] No MaxMind credentials found in the configuration file! GeoIp protections will be disabled.
[06-08 14:29:52]: [INFO] There is no newer GEO IP database uploaded to MaxMind. Using the old one for now.
[06-08 14:29:52]: [WARN] Could not download GeoLiteAPI database [FileNotFoundException]: plugins\AuthMe\GeoLite2-Country.mmdb (Не удается найти указанный файл)
[06-08 14:29:52]: java.io.FileNotFoundException: plugins\AuthMe\GeoLite2-Country.mmdb (Не удается найти указанный файл)
	at java.base/java.io.RandomAccessFile.open0(Native Method)
	at java.base/java.io.RandomAccessFile.open(RandomAccessFile.java:346)
	at java.base/java.io.RandomAccessFile.<init>(RandomAccessFile.java:260)
	at java.base/java.io.RandomAccessFile.<init>(RandomAccessFile.java:214)
	at AuthMe-5.6.0-beta2.jar//fr.xephi.authme.libs.com.maxmind.db.BufferHolder.<init>(BufferHolder.java:20)
	at AuthMe-5.6.0-beta2.jar//fr.xephi.authme.libs.com.maxmind.db.Reader.<init>(Reader.java:121)
	at AuthMe-5.6.0-beta2.jar//fr.xephi.authme.service.GeoIpService.startReading(GeoIpService.java:173)
	at AuthMe-5.6.0-beta2.jar//fr.xephi.authme.service.GeoIpService.updateDatabase(GeoIpService.java:144)
	at org.bukkit.craftbukkit.v1_20_R2.scheduler.CraftTask.run(CraftTask.java:101)
	at org.bukkit.craftbukkit.v1_20_R2.scheduler.CraftAsyncTask.run(CraftAsyncTask.java:57)
	at com.destroystokyo.paper.ServerSchedulerReportingWrapper.run(ServerSchedulerReportingWrapper.java:22)
	at java.base/java.util.concurrent.ThreadPoolExecutor.runWorker(ThreadPoolExecutor.java:1144)
	at java.base/java.util.concurrent.ThreadPoolExecutor$Worker.run(ThreadPoolExecutor.java:642)
	at java.base/java.lang.Thread.run(Thread.java:1623)

[06-08 14:37:51]: [FINE] ZALIKS used the wrong password
[06-08 14:38:04]: [FINE] ZALIKS used the wrong password
[06-08 14:38:14]: [FINE] The user ZALIKS has 2 accounts:
[06-08 14:38:14]: [FINE] §7zaliksplay, §aZALIKS§7.
[06-08 14:38:14]: [FINE] ZALIKS logged in 127.0.0.1
[06-08 15:19:44]: [INFO] AuthMe 5.6.0-beta2-b2453 disabled!
[06-08 15:20:51]: [INFO] SQLite Setup finished
[06-08 15:20:51]: [INFO] Hooked into LuckPerms!
[06-08 15:20:51]: [INFO] Hooked successfully into Essentials
[06-08 15:20:51]: [INFO] Essentials spawn file not found: 'C:\Users\zaliks\Desktop\GitHub\MinecraftProject\Server\plugins\Essentials\spawn.yml'
[06-08 15:20:51]: [WARN] WARNING! The protectInventory feature requires ProtocolLib! Disabling it...
[06-08 15:20:51]: [INFO] AuthMe 5.6.0-beta2 build n.2453 successfully enabled!
[06-08 15:20:52]: [INFO] Downloading GEO IP database, because the old database is older than 30 days or doesn't exist
[06-08 15:20:52]: [WARN] No MaxMind credentials found in the configuration file! GeoIp protections will be disabled.
[06-08 15:20:52]: [INFO] There is no newer GEO IP database uploaded to MaxMind. Using the old one for now.
[06-08 15:20:52]: [WARN] Could not download GeoLiteAPI database [FileNotFoundException]: plugins\AuthMe\GeoLite2-Country.mmdb (Не удается найти указанный файл)
[06-08 15:20:52]: java.io.FileNotFoundException: plugins\AuthMe\GeoLite2-Country.mmdb (Не удается найти указанный файл)
	at java.base/java.io.RandomAccessFile.open0(Native Method)
	at java.base/java.io.RandomAccessFile.open(RandomAccessFile.java:346)
	at java.base/java.io.RandomAccessFile.<init>(RandomAccessFile.java:260)
	at java.base/java.io.RandomAccessFile.<init>(RandomAccessFile.java:214)
	at AuthMe-5.6.0-beta2.jar//fr.xephi.authme.libs.com.maxmind.db.BufferHolder.<init>(BufferHolder.java:20)
	at AuthMe-5.6.0-beta2.jar//fr.xephi.authme.libs.com.maxmind.db.Reader.<init>(Reader.java:121)
	at AuthMe-5.6.0-beta2.jar//fr.xephi.authme.service.GeoIpService.startReading(GeoIpService.java:173)
	at AuthMe-5.6.0-beta2.jar//fr.xephi.authme.service.GeoIpService.updateDatabase(GeoIpService.java:144)
	at org.bukkit.craftbukkit.v1_20_R2.scheduler.CraftTask.run(CraftTask.java:101)
	at org.bukkit.craftbukkit.v1_20_R2.scheduler.CraftAsyncTask.run(CraftAsyncTask.java:57)
	at com.destroystokyo.paper.ServerSchedulerReportingWrapper.run(ServerSchedulerReportingWrapper.java:22)
	at java.base/java.util.concurrent.ThreadPoolExecutor.runWorker(ThreadPoolExecutor.java:1144)
	at java.base/java.util.concurrent.ThreadPoolExecutor$Worker.run(ThreadPoolExecutor.java:642)
	at java.base/java.lang.Thread.run(Thread.java:1623)

[06-08 15:21:11]: [FINE] The user ZALIKS has 2 accounts:
[06-08 15:21:11]: [FINE] §7zaliksplay, §aZALIKS§7.
[06-08 15:21:11]: [FINE] ZALIKS logged in 127.0.0.1
[06-08 17:09:51]: [INFO] AuthMe 5.6.0-beta2-b2453 disabled!
[06-20 16:39:59]: [INFO] Connection arguments loaded, Hikari ConnectionPool ready!
[06-20 16:40:00]: [INFO] Created column 'regdate' and set the current timestamp, 1718890800107, to all 0 rows
[06-20 16:40:00]: [INFO] MySQL setup finished
[06-20 16:40:00]: [INFO] Hooked into LuckPerms!
[06-20 16:40:00]: [INFO] Hooked successfully into Essentials
[06-20 16:40:00]: [INFO] Essentials spawn file not found: 'C:\Users\Ilya Mikryukov\Desktop\GitHub\minecraftserver\Server\plugins\Essentials\spawn.yml'
[06-20 16:40:00]: [WARN] WARNING! The protectInventory feature requires ProtocolLib! Disabling it...
[06-20 16:40:00]: [INFO] AuthMe 5.6.0-beta2 build n.2453 successfully enabled!
[06-20 16:40:02]: [INFO] Downloading GEO IP database, because the old database is older than 30 days or doesn't exist
[06-20 16:40:02]: [WARN] No MaxMind credentials found in the configuration file! GeoIp protections will be disabled.
[06-20 16:40:02]: [INFO] There is no newer GEO IP database uploaded to MaxMind. Using the old one for now.
[06-20 16:40:02]: [WARN] Could not download GeoLiteAPI database [FileNotFoundException]: plugins\AuthMe\GeoLite2-Country.mmdb (Не удается найти указанный файл)
[06-20 16:40:02]: java.io.FileNotFoundException: plugins\AuthMe\GeoLite2-Country.mmdb (Не удается найти указанный файл)
	at java.base/java.io.RandomAccessFile.open0(Native Method)
	at java.base/java.io.RandomAccessFile.open(RandomAccessFile.java:354)
	at java.base/java.io.RandomAccessFile.<init>(RandomAccessFile.java:271)
	at java.base/java.io.RandomAccessFile.<init>(RandomAccessFile.java:221)
	at AuthMe-5.6.0-beta2.jar//fr.xephi.authme.libs.com.maxmind.db.BufferHolder.<init>(BufferHolder.java:20)
	at AuthMe-5.6.0-beta2.jar//fr.xephi.authme.libs.com.maxmind.db.Reader.<init>(Reader.java:121)
	at AuthMe-5.6.0-beta2.jar//fr.xephi.authme.service.GeoIpService.startReading(GeoIpService.java:173)
	at AuthMe-5.6.0-beta2.jar//fr.xephi.authme.service.GeoIpService.updateDatabase(GeoIpService.java:144)
	at org.bukkit.craftbukkit.v1_20_R2.scheduler.CraftTask.run(CraftTask.java:101)
	at org.bukkit.craftbukkit.v1_20_R2.scheduler.CraftAsyncTask.run(CraftAsyncTask.java:57)
	at com.destroystokyo.paper.ServerSchedulerReportingWrapper.run(ServerSchedulerReportingWrapper.java:22)
	at java.base/java.util.concurrent.ThreadPoolExecutor.runWorker(ThreadPoolExecutor.java:1144)
	at java.base/java.util.concurrent.ThreadPoolExecutor$Worker.run(ThreadPoolExecutor.java:642)
	at java.base/java.lang.Thread.run(Thread.java:1570)

[06-20 16:42:45]: [INFO] AuthMe 5.6.0-beta2-b2453 disabled!
[06-20 16:45:33]: [INFO] Connection arguments loaded, Hikari ConnectionPool ready!
[06-20 16:45:34]: [INFO] MySQL setup finished
[06-20 16:45:34]: [INFO] Hooked into LuckPerms!
[06-20 16:45:34]: [INFO] Hooked successfully into Essentials
[06-20 16:45:34]: [INFO] Essentials spawn file not found: 'C:\Users\Ilya Mikryukov\Desktop\GitHub\minecraftserver\Server\plugins\Essentials\spawn.yml'
[06-20 16:45:34]: [WARN] WARNING! The protectInventory feature requires ProtocolLib! Disabling it...
[06-20 16:45:34]: [INFO] AuthMe 5.6.0-beta2 build n.2453 successfully enabled!
[06-20 16:45:36]: [INFO] Downloading GEO IP database, because the old database is older than 30 days or doesn't exist
[06-20 16:45:36]: [WARN] No MaxMind credentials found in the configuration file! GeoIp protections will be disabled.
[06-20 16:45:36]: [INFO] There is no newer GEO IP database uploaded to MaxMind. Using the old one for now.
[06-20 16:45:36]: [WARN] Could not download GeoLiteAPI database [FileNotFoundException]: plugins\AuthMe\GeoLite2-Country.mmdb (Не удается найти указанный файл)
[06-20 16:45:36]: java.io.FileNotFoundException: plugins\AuthMe\GeoLite2-Country.mmdb (Не удается найти указанный файл)
	at java.base/java.io.RandomAccessFile.open0(Native Method)
	at java.base/java.io.RandomAccessFile.open(RandomAccessFile.java:354)
	at java.base/java.io.RandomAccessFile.<init>(RandomAccessFile.java:271)
	at java.base/java.io.RandomAccessFile.<init>(RandomAccessFile.java:221)
	at AuthMe-5.6.0-beta2.jar//fr.xephi.authme.libs.com.maxmind.db.BufferHolder.<init>(BufferHolder.java:20)
	at AuthMe-5.6.0-beta2.jar//fr.xephi.authme.libs.com.maxmind.db.Reader.<init>(Reader.java:121)
	at AuthMe-5.6.0-beta2.jar//fr.xephi.authme.service.GeoIpService.startReading(GeoIpService.java:173)
	at AuthMe-5.6.0-beta2.jar//fr.xephi.authme.service.GeoIpService.updateDatabase(GeoIpService.java:144)
	at org.bukkit.craftbukkit.v1_20_R2.scheduler.CraftTask.run(CraftTask.java:101)
	at org.bukkit.craftbukkit.v1_20_R2.scheduler.CraftAsyncTask.run(CraftAsyncTask.java:57)
	at com.destroystokyo.paper.ServerSchedulerReportingWrapper.run(ServerSchedulerReportingWrapper.java:22)
	at java.base/java.util.concurrent.ThreadPoolExecutor.runWorker(ThreadPoolExecutor.java:1144)
	at java.base/java.util.concurrent.ThreadPoolExecutor$Worker.run(ThreadPoolExecutor.java:642)
	at java.base/java.lang.Thread.run(Thread.java:1570)

[06-20 16:49:57]: [INFO] AuthMe 5.6.0-beta2-b2453 disabled!
[06-20 16:51:52]: [INFO] Connection arguments loaded, Hikari ConnectionPool ready!
[06-20 16:51:52]: [INFO] MySQL setup finished
[06-20 16:51:53]: [INFO] Hooked into LuckPerms!
[06-20 16:51:53]: [INFO] Hooked successfully into Essentials
[06-20 16:51:53]: [INFO] Essentials spawn file not found: 'C:\Users\Ilya Mikryukov\Desktop\GitHub\minecraftserver\Server\plugins\Essentials\spawn.yml'
[06-20 16:51:53]: [WARN] WARNING! The protectInventory feature requires ProtocolLib! Disabling it...
[06-20 16:51:53]: [INFO] AuthMe 5.6.0-beta2 build n.2453 successfully enabled!
[06-20 16:51:54]: [INFO] Downloading GEO IP database, because the old database is older than 30 days or doesn't exist
[06-20 16:51:54]: [WARN] No MaxMind credentials found in the configuration file! GeoIp protections will be disabled.
[06-20 16:51:54]: [INFO] There is no newer GEO IP database uploaded to MaxMind. Using the old one for now.
[06-20 16:51:54]: [WARN] Could not download GeoLiteAPI database [FileNotFoundException]: plugins\AuthMe\GeoLite2-Country.mmdb (Не удается найти указанный файл)
[06-20 16:51:54]: java.io.FileNotFoundException: plugins\AuthMe\GeoLite2-Country.mmdb (Не удается найти указанный файл)
	at java.base/java.io.RandomAccessFile.open0(Native Method)
	at java.base/java.io.RandomAccessFile.open(RandomAccessFile.java:354)
	at java.base/java.io.RandomAccessFile.<init>(RandomAccessFile.java:271)
	at java.base/java.io.RandomAccessFile.<init>(RandomAccessFile.java:221)
	at AuthMe-5.6.0-beta2.jar//fr.xephi.authme.libs.com.maxmind.db.BufferHolder.<init>(BufferHolder.java:20)
	at AuthMe-5.6.0-beta2.jar//fr.xephi.authme.libs.com.maxmind.db.Reader.<init>(Reader.java:121)
	at AuthMe-5.6.0-beta2.jar//fr.xephi.authme.service.GeoIpService.startReading(GeoIpService.java:173)
	at AuthMe-5.6.0-beta2.jar//fr.xephi.authme.service.GeoIpService.updateDatabase(GeoIpService.java:144)
	at org.bukkit.craftbukkit.v1_20_R2.scheduler.CraftTask.run(CraftTask.java:101)
	at org.bukkit.craftbukkit.v1_20_R2.scheduler.CraftAsyncTask.run(CraftAsyncTask.java:57)
	at com.destroystokyo.paper.ServerSchedulerReportingWrapper.run(ServerSchedulerReportingWrapper.java:22)
	at java.base/java.util.concurrent.ThreadPoolExecutor.runWorker(ThreadPoolExecutor.java:1144)
	at java.base/java.util.concurrent.ThreadPoolExecutor$Worker.run(ThreadPoolExecutor.java:642)
	at java.base/java.lang.Thread.run(Thread.java:1570)

[06-20 16:54:04]: [INFO] AuthMe 5.6.0-beta2-b2453 disabled!
[06-20 16:55:25]: [INFO] Connection arguments loaded, Hikari ConnectionPool ready!
[06-20 16:55:26]: [INFO] MySQL setup finished
[06-20 16:55:26]: [INFO] Hooked into LuckPerms!
[06-20 16:55:26]: [INFO] Hooked successfully into Essentials
[06-20 16:55:26]: [INFO] Essentials spawn file not found: 'C:\Users\Ilya Mikryukov\Desktop\GitHub\minecraftserver\Server\plugins\Essentials\spawn.yml'
[06-20 16:55:26]: [WARN] WARNING! The protectInventory feature requires ProtocolLib! Disabling it...
[06-20 16:55:26]: [INFO] AuthMe 5.6.0-beta2 build n.2453 successfully enabled!
[06-20 16:55:27]: [INFO] Downloading GEO IP database, because the old database is older than 30 days or doesn't exist
[06-20 16:55:27]: [WARN] No MaxMind credentials found in the configuration file! GeoIp protections will be disabled.
[06-20 16:55:27]: [INFO] There is no newer GEO IP database uploaded to MaxMind. Using the old one for now.
[06-20 16:55:27]: [WARN] Could not download GeoLiteAPI database [FileNotFoundException]: plugins\AuthMe\GeoLite2-Country.mmdb (Не удается найти указанный файл)
[06-20 16:55:27]: java.io.FileNotFoundException: plugins\AuthMe\GeoLite2-Country.mmdb (Не удается найти указанный файл)
	at java.base/java.io.RandomAccessFile.open0(Native Method)
	at java.base/java.io.RandomAccessFile.open(RandomAccessFile.java:354)
	at java.base/java.io.RandomAccessFile.<init>(RandomAccessFile.java:271)
	at java.base/java.io.RandomAccessFile.<init>(RandomAccessFile.java:221)
	at AuthMe-5.6.0-beta2.jar//fr.xephi.authme.libs.com.maxmind.db.BufferHolder.<init>(BufferHolder.java:20)
	at AuthMe-5.6.0-beta2.jar//fr.xephi.authme.libs.com.maxmind.db.Reader.<init>(Reader.java:121)
	at AuthMe-5.6.0-beta2.jar//fr.xephi.authme.service.GeoIpService.startReading(GeoIpService.java:173)
	at AuthMe-5.6.0-beta2.jar//fr.xephi.authme.service.GeoIpService.updateDatabase(GeoIpService.java:144)
	at org.bukkit.craftbukkit.v1_20_R2.scheduler.CraftTask.run(CraftTask.java:101)
	at org.bukkit.craftbukkit.v1_20_R2.scheduler.CraftAsyncTask.run(CraftAsyncTask.java:57)
	at com.destroystokyo.paper.ServerSchedulerReportingWrapper.run(ServerSchedulerReportingWrapper.java:22)
	at java.base/java.util.concurrent.ThreadPoolExecutor.runWorker(ThreadPoolExecutor.java:1144)
	at java.base/java.util.concurrent.ThreadPoolExecutor$Worker.run(ThreadPoolExecutor.java:642)
	at java.base/java.lang.Thread.run(Thread.java:1570)

[06-20 16:56:37]: [INFO] AuthMe 5.6.0-beta2-b2453 disabled!
[06-20 18:39:09]: [INFO] Connection arguments loaded, Hikari ConnectionPool ready!
[06-20 18:39:10]: [INFO] MySQL setup finished
[06-20 18:39:10]: [INFO] Hooked into LuckPerms!
[06-20 18:39:10]: [INFO] Hooked successfully into Essentials
[06-20 18:39:10]: [INFO] Essentials spawn file not found: 'C:\Users\Ilya Mikryukov\Desktop\GitHub\minecraftserver\Server\plugins\Essentials\spawn.yml'
[06-20 18:39:10]: [WARN] WARNING! The protectInventory feature requires ProtocolLib! Disabling it...
[06-20 18:39:10]: [INFO] AuthMe 5.6.0-beta2 build n.2453 successfully enabled!
[06-20 18:39:11]: [INFO] Downloading GEO IP database, because the old database is older than 30 days or doesn't exist
[06-20 18:39:11]: [WARN] No MaxMind credentials found in the configuration file! GeoIp protections will be disabled.
[06-20 18:39:11]: [INFO] There is no newer GEO IP database uploaded to MaxMind. Using the old one for now.
[06-20 18:39:11]: [WARN] Could not download GeoLiteAPI database [FileNotFoundException]: plugins\AuthMe\GeoLite2-Country.mmdb (Не удается найти указанный файл)
[06-20 18:39:11]: java.io.FileNotFoundException: plugins\AuthMe\GeoLite2-Country.mmdb (Не удается найти указанный файл)
	at java.base/java.io.RandomAccessFile.open0(Native Method)
	at java.base/java.io.RandomAccessFile.open(RandomAccessFile.java:354)
	at java.base/java.io.RandomAccessFile.<init>(RandomAccessFile.java:271)
	at java.base/java.io.RandomAccessFile.<init>(RandomAccessFile.java:221)
	at AuthMe-5.6.0-beta2.jar//fr.xephi.authme.libs.com.maxmind.db.BufferHolder.<init>(BufferHolder.java:20)
	at AuthMe-5.6.0-beta2.jar//fr.xephi.authme.libs.com.maxmind.db.Reader.<init>(Reader.java:121)
	at AuthMe-5.6.0-beta2.jar//fr.xephi.authme.service.GeoIpService.startReading(GeoIpService.java:173)
	at AuthMe-5.6.0-beta2.jar//fr.xephi.authme.service.GeoIpService.updateDatabase(GeoIpService.java:144)
	at org.bukkit.craftbukkit.v1_20_R2.scheduler.CraftTask.run(CraftTask.java:101)
	at org.bukkit.craftbukkit.v1_20_R2.scheduler.CraftAsyncTask.run(CraftAsyncTask.java:57)
	at com.destroystokyo.paper.ServerSchedulerReportingWrapper.run(ServerSchedulerReportingWrapper.java:22)
	at java.base/java.util.concurrent.ThreadPoolExecutor.runWorker(ThreadPoolExecutor.java:1144)
	at java.base/java.util.concurrent.ThreadPoolExecutor$Worker.run(ThreadPoolExecutor.java:642)
	at java.base/java.lang.Thread.run(Thread.java:1570)

[06-20 18:41:51]: [FINE] ZALIKS registered 192.168.0.128
[06-20 18:41:51]: [FINE] ZALIKS logged in 192.168.0.128
[06-20 19:12:46]: [FINE] The user fbrtyu has 2 accounts:
[06-20 19:12:46]: [FINE] §7zaliks, §afbrtyu§7.
[06-20 19:12:46]: [FINE] fbrtyu logged in 192.168.0.128
[06-20 21:14:06]: [INFO] AuthMe 5.6.0-beta2-b2453 disabled!
